# JRE version: Java(TM) SE Runtime Environment (17.0.11+7) (build 17.0.11+7-LTS-207)
# Java VM: Java HotSpot(TM) 64-Bit Server VM (17.0.11+7-LTS-207, mixed mode, sharing, tiered, compressed oops, compressed class ptrs, g1 gc, windows-amd64)
GC Precious Log:
 CPUs: 4 total, 4 available
 Memory: 14286M
 Large Page Support: Disabled
 NUMA Support: Disabled
 Compressed Oops: Enabled (Zero based)
 Heap Region Size: 2M
 Heap Min Capacity: 8M
 Heap Initial Capacity: 224M
 Heap Max Capacity: 4G
 Pre-touch: Disabled
 Parallel Workers: 4
 Concurrent Workers: 1
 Concurrent Refinement Workers: 4
 Periodic GC: Disabled
Heap:
 garbage-first heap   total 208896K, used 160229K [0x0000000700000000, 0x0000000800000000)
  region size 2048K, 25 young (51200K), 4 survivors (8192K)
 Metaspace       used 88497K, committed 89472K, reserved 1179648K
  class space    used 12534K, committed 12992K, reserved 1048576K
GC Heap History (20 events):
Event: 103.291 GC heap before
{Heap before GC invocations=40 (full 0):
 garbage-first heap   total 172032K, used 134497K [0x0000000700000000, 0x0000000800000000)
  region size 2048K, 26 young (53248K), 2 survivors (4096K)
 Metaspace       used 75247K, committed 76032K, reserved 1179648K
  class space    used 10538K, committed 10944K, reserved 1048576K
}
Event: 103.299 GC heap after
{Heap after GC invocations=41 (full 0):
 garbage-first heap   total 172032K, used 88295K [0x0000000700000000, 0x0000000800000000)
  region size 2048K, 3 young (6144K), 3 survivors (6144K)
 Metaspace       used 75247K, committed 76032K, reserved 1179648K
  class space    used 10538K, committed 10944K, reserved 1048576K
}
Event: 104.661 GC heap before
{Heap before GC invocations=41 (full 0):
 garbage-first heap   total 172032K, used 135399K [0x0000000700000000, 0x0000000800000000)
  region size 2048K, 26 young (53248K), 3 survivors (6144K)
 Metaspace       used 75984K, committed 76864K, reserved 1179648K
  class space    used 10662K, committed 11072K, reserved 1048576K
}
Event: 104.675 GC heap after
{Heap after GC invocations=42 (full 0):
 garbage-first heap   total 172032K, used 91975K [0x0000000700000000, 0x0000000800000000)
  region size 2048K, 4 young (8192K), 4 survivors (8192K)
 Metaspace       used 75984K, committed 76864K, reserved 1179648K
  class space    used 10662K, committed 11072K, reserved 1048576K
}
Event: 115.334 GC heap before
{Heap before GC invocations=43 (full 0):
 garbage-first heap   total 172032K, used 120647K [0x0000000700000000, 0x0000000800000000)
  region size 2048K, 20 young (40960K), 4 survivors (8192K)
 Metaspace       used 76324K, committed 77184K, reserved 1179648K
  class space    used 10674K, committed 11072K, reserved 1048576K
}
Event: 115.351 GC heap after
{Heap after GC invocations=44 (full 0):
 garbage-first heap   total 172032K, used 98680K [0x0000000700000000, 0x0000000800000000)
  region size 2048K, 4 young (8192K), 4 survivors (8192K)
 Metaspace       used 76324K, committed 77184K, reserved 1179648K
  class space    used 10674K, committed 11072K, reserved 1048576K
}
Event: 117.653 GC heap before
{Heap before GC invocations=45 (full 0):
 garbage-first heap   total 182272K, used 102776K [0x0000000700000000, 0x0000000800000000)
  region size 2048K, 6 young (12288K), 4 survivors (8192K)
 Metaspace       used 76324K, committed 77184K, reserved 1179648K
  class space    used 10674K, committed 11072K, reserved 1048576K
}
Event: 117.662 GC heap after
{Heap after GC invocations=46 (full 0):
 garbage-first heap   total 182272K, used 103758K [0x0000000700000000, 0x0000000800000000)
  region size 2048K, 1 young (2048K), 1 survivors (2048K)
 Metaspace       used 76324K, committed 77184K, reserved 1179648K
  class space    used 10674K, committed 11072K, reserved 1048576K
}
Event: 121.081 GC heap before
{Heap before GC invocations=47 (full 0):
 garbage-first heap   total 184320K, used 140622K [0x0000000700000000, 0x0000000800000000)
  region size 2048K, 18 young (36864K), 1 survivors (2048K)
 Metaspace       used 78082K, committed 78976K, reserved 1179648K
  class space    used 10908K, committed 11328K, reserved 1048576K
}
Event: 121.085 GC heap after
{Heap after GC invocations=48 (full 0):
 garbage-first heap   total 184320K, used 107830K [0x0000000700000000, 0x0000000800000000)
  region size 2048K, 2 young (4096K), 2 survivors (4096K)
 Metaspace       used 78082K, committed 78976K, reserved 1179648K
  class space    used 10908K, committed 11328K, reserved 1048576K
}
Event: 123.314 GC heap before
{Heap before GC invocations=48 (full 0):
 garbage-first heap   total 184320K, used 142646K [0x0000000700000000, 0x0000000800000000)
  region size 2048K, 19 young (38912K), 2 survivors (4096K)
 Metaspace       used 78452K, committed 79296K, reserved 1179648K
  class space    used 10960K, committed 11392K, reserved 1048576K
}
Event: 123.322 GC heap after
{Heap after GC invocations=49 (full 0):
 garbage-first heap   total 184320K, used 110470K [0x0000000700000000, 0x0000000800000000)
  region size 2048K, 3 young (6144K), 3 survivors (6144K)
 Metaspace       used 78452K, committed 79296K, reserved 1179648K
  class space    used 10960K, committed 11392K, reserved 1048576K
}
Event: 124.777 GC heap before
{Heap before GC invocations=50 (full 0):
 garbage-first heap   total 194560K, used 143238K [0x0000000700000000, 0x0000000800000000)
  region size 2048K, 20 young (40960K), 3 survivors (6144K)
 Metaspace       used 80637K, committed 81536K, reserved 1179648K
  class space    used 11266K, committed 11712K, reserved 1048576K
}
Event: 124.785 GC heap after
{Heap after GC invocations=51 (full 0):
 garbage-first heap   total 194560K, used 112299K [0x0000000700000000, 0x0000000800000000)
  region size 2048K, 3 young (6144K), 3 survivors (6144K)
 Metaspace       used 80637K, committed 81536K, reserved 1179648K
  class space    used 11266K, committed 11712K, reserved 1048576K
}
Event: 126.520 GC heap before
{Heap before GC invocations=51 (full 0):
 garbage-first heap   total 194560K, used 153259K [0x0000000700000000, 0x0000000800000000)
  region size 2048K, 23 young (47104K), 3 survivors (6144K)
 Metaspace       used 83350K, committed 84288K, reserved 1179648K
  class space    used 11801K, committed 12224K, reserved 1048576K
}
Event: 126.528 GC heap after
{Heap after GC invocations=52 (full 0):
 garbage-first heap   total 194560K, used 113011K [0x0000000700000000, 0x0000000800000000)
  region size 2048K, 2 young (4096K), 2 survivors (4096K)
 Metaspace       used 83350K, committed 84288K, reserved 1179648K
  class space    used 11801K, committed 12224K, reserved 1048576K
}
Event: 128.381 GC heap before
{Heap before GC invocations=53 (full 0):
 garbage-first heap   total 198656K, used 158067K [0x0000000700000000, 0x0000000800000000)
  region size 2048K, 24 young (49152K), 2 survivors (4096K)
 Metaspace       used 85921K, committed 86848K, reserved 1179648K
  class space    used 12180K, committed 12608K, reserved 1048576K
}
Event: 128.389 GC heap after
{Heap after GC invocations=54 (full 0):
 garbage-first heap   total 198656K, used 114503K [0x0000000700000000, 0x0000000800000000)
  region size 2048K, 2 young (4096K), 2 survivors (4096K)
 Metaspace       used 85921K, committed 86848K, reserved 1179648K
  class space    used 12180K, committed 12608K, reserved 1048576K
}
Event: 130.336 GC heap before
{Heap before GC invocations=54 (full 0):
 garbage-first heap   total 198656K, used 163655K [0x0000000700000000, 0x0000000800000000)
  region size 2048K, 26 young (53248K), 2 survivors (4096K)
 Metaspace       used 87139K, committed 88064K, reserved 1179648K
  class space    used 12358K, committed 12800K, reserved 1048576K
}
Event: 130.350 GC heap after
{Heap after GC invocations=55 (full 0):
 garbage-first heap   total 198656K, used 119269K [0x0000000700000000, 0x0000000800000000)
  region size 2048K, 4 young (8192K), 4 survivors (8192K)
 Metaspace       used 87139K, committed 88064K, reserved 1179648K
  class space    used 12358K, committed 12800K, reserved 1048576K
}

