# JRE version: Java(TM) SE Runtime Environment (17.0.11+7) (build 17.0.11+7-LTS-207)
# Java VM: Java HotSpot(TM) 64-Bit Server VM (17.0.11+7-LTS-207, mixed mode, sharing, tiered, compressed oops, compressed class ptrs, g1 gc, windows-amd64)
GC Precious Log:
 CPUs: 4 total, 4 available
 Memory: 14286M
 Large Page Support: Disabled
 NUMA Support: Disabled
 Compressed Oops: Enabled (Zero based)
 Heap Region Size: 2M
 Heap Min Capacity: 8M
 Heap Initial Capacity: 224M
 Heap Max Capacity: 4G
 Pre-touch: Disabled
 Parallel Workers: 4
 Concurrent Workers: 1
 Concurrent Refinement Workers: 4
 Periodic GC: Disabled
Heap:
 garbage-first heap   total 235520K, used 183995K [0x0000000700000000, 0x0000000800000000)
  region size 2048K, 27 young (55296K), 1 survivors (2048K)
 Metaspace       used 94566K, committed 95552K, reserved 1179648K
  class space    used 13418K, committed 13888K, reserved 1048576K
GC Heap History (20 events):
Event: 121.624 GC heap before
{Heap before GC invocations=36 (full 0):
 garbage-first heap   total 178176K, used 103104K [0x0000000700000000, 0x0000000800000000)
  region size 2048K, 5 young (10240K), 3 survivors (6144K)
 Metaspace       used 76374K, committed 77248K, reserved 1179648K
  class space    used 10668K, committed 11072K, reserved 1048576K
}
Event: 121.630 GC heap after
{Heap after GC invocations=37 (full 0):
 garbage-first heap   total 178176K, used 102349K [0x0000000700000000, 0x0000000800000000)
  region size 2048K, 1 young (2048K), 1 survivors (2048K)
 Metaspace       used 76374K, committed 77248K, reserved 1179648K
  class space    used 10668K, committed 11072K, reserved 1048576K
}
Event: 124.962 GC heap before
{Heap before GC invocations=38 (full 0):
 garbage-first heap   total 184320K, used 137165K [0x0000000700000000, 0x0000000800000000)
  region size 2048K, 17 young (34816K), 1 survivors (2048K)
 Metaspace       used 78121K, committed 78976K, reserved 1179648K
  class space    used 10904K, committed 11328K, reserved 1048576K
}
Event: 124.968 GC heap after
{Heap after GC invocations=39 (full 0):
 garbage-first heap   total 184320K, used 106308K [0x0000000700000000, 0x0000000800000000)
  region size 2048K, 2 young (4096K), 2 survivors (4096K)
 Metaspace       used 78121K, committed 78976K, reserved 1179648K
  class space    used 10904K, committed 11328K, reserved 1048576K
}
Event: 127.629 GC heap before
{Heap before GC invocations=39 (full 0):
 garbage-first heap   total 184320K, used 143172K [0x0000000700000000, 0x0000000800000000)
  region size 2048K, 20 young (40960K), 2 survivors (4096K)
 Metaspace       used 78454K, committed 79360K, reserved 1179648K
  class space    used 10952K, committed 11392K, reserved 1048576K
}
Event: 127.642 GC heap after
{Heap after GC invocations=40 (full 0):
 garbage-first heap   total 184320K, used 109058K [0x0000000700000000, 0x0000000800000000)
  region size 2048K, 3 young (6144K), 3 survivors (6144K)
 Metaspace       used 78454K, committed 79360K, reserved 1179648K
  class space    used 10952K, committed 11392K, reserved 1048576K
}
Event: 129.114 GC heap before
{Heap before GC invocations=41 (full 0):
 garbage-first heap   total 192512K, used 143874K [0x0000000700000000, 0x0000000800000000)
  region size 2048K, 20 young (40960K), 3 survivors (6144K)
 Metaspace       used 80591K, committed 81472K, reserved 1179648K
  class space    used 11249K, committed 11648K, reserved 1048576K
}
Event: 129.125 GC heap after
{Heap after GC invocations=42 (full 0):
 garbage-first heap   total 192512K, used 110729K [0x0000000700000000, 0x0000000800000000)
  region size 2048K, 3 young (6144K), 3 survivors (6144K)
 Metaspace       used 80591K, committed 81472K, reserved 1179648K
  class space    used 11249K, committed 11648K, reserved 1048576K
}
Event: 130.608 GC heap before
{Heap before GC invocations=42 (full 0):
 garbage-first heap   total 192512K, used 151689K [0x0000000700000000, 0x0000000800000000)
  region size 2048K, 23 young (47104K), 3 survivors (6144K)
 Metaspace       used 83325K, committed 84160K, reserved 1179648K
  class space    used 11779K, committed 12160K, reserved 1048576K
}
Event: 130.618 GC heap after
{Heap after GC invocations=43 (full 0):
 garbage-first heap   total 192512K, used 111517K [0x0000000700000000, 0x0000000800000000)
  region size 2048K, 2 young (4096K), 2 survivors (4096K)
 Metaspace       used 83325K, committed 84160K, reserved 1179648K
  class space    used 11779K, committed 12160K, reserved 1048576K
}
Event: 132.411 GC heap before
{Heap before GC invocations=44 (full 0):
 garbage-first heap   total 198656K, used 154525K [0x0000000700000000, 0x0000000800000000)
  region size 2048K, 23 young (47104K), 2 survivors (4096K)
 Metaspace       used 85788K, committed 86656K, reserved 1179648K
  class space    used 12147K, committed 12544K, reserved 1048576K
}
Event: 132.421 GC heap after
{Heap after GC invocations=45 (full 0):
 garbage-first heap   total 198656K, used 113040K [0x0000000700000000, 0x0000000800000000)
  region size 2048K, 2 young (4096K), 2 survivors (4096K)
 Metaspace       used 85788K, committed 86656K, reserved 1179648K
  class space    used 12147K, committed 12544K, reserved 1048576K
}
Event: 134.529 GC heap before
{Heap before GC invocations=45 (full 0):
 garbage-first heap   total 198656K, used 162192K [0x0000000700000000, 0x0000000800000000)
  region size 2048K, 26 young (53248K), 2 survivors (4096K)
 Metaspace       used 87097K, committed 88000K, reserved 1179648K
  class space    used 12337K, committed 12736K, reserved 1048576K
}
Event: 134.544 GC heap after
{Heap after GC invocations=46 (full 0):
 garbage-first heap   total 198656K, used 117601K [0x0000000700000000, 0x0000000800000000)
  region size 2048K, 4 young (8192K), 4 survivors (8192K)
 Metaspace       used 87097K, committed 88000K, reserved 1179648K
  class space    used 12337K, committed 12736K, reserved 1048576K
}
Event: 157.119 GC heap before
{Heap before GC invocations=47 (full 0):
 garbage-first heap   total 212992K, used 158561K [0x0000000700000000, 0x0000000800000000)
  region size 2048K, 25 young (51200K), 4 survivors (8192K)
 Metaspace       used 88422K, committed 89344K, reserved 1179648K
  class space    used 12508K, committed 12928K, reserved 1048576K
}
Event: 157.138 GC heap after
{Heap after GC invocations=48 (full 0):
 garbage-first heap   total 212992K, used 122082K [0x0000000700000000, 0x0000000800000000)
  region size 2048K, 3 young (6144K), 3 survivors (6144K)
 Metaspace       used 88422K, committed 89344K, reserved 1179648K
  class space    used 12508K, committed 12928K, reserved 1048576K
}
Event: 175.757 GC heap before
{Heap before GC invocations=48 (full 0):
 garbage-first heap   total 212992K, used 169186K [0x0000000700000000, 0x0000000800000000)
  region size 2048K, 27 young (55296K), 3 survivors (6144K)
 Metaspace       used 90745K, committed 91712K, reserved 1179648K
  class space    used 12939K, committed 13376K, reserved 1048576K
}
Event: 175.774 GC heap after
{Heap after GC invocations=49 (full 0):
 garbage-first heap   total 212992K, used 132294K [0x0000000700000000, 0x0000000800000000)
  region size 2048K, 4 young (8192K), 4 survivors (8192K)
 Metaspace       used 90745K, committed 91712K, reserved 1179648K
  class space    used 12939K, committed 13376K, reserved 1048576K
}
Event: 179.405 GC heap before
{Heap before GC invocations=50 (full 0):
 garbage-first heap   total 235520K, used 169158K [0x0000000700000000, 0x0000000800000000)
  region size 2048K, 22 young (45056K), 4 survivors (8192K)
 Metaspace       used 92468K, committed 93440K, reserved 1179648K
  class space    used 13193K, committed 13632K, reserved 1048576K
}
Event: 179.423 GC heap after
{Heap after GC invocations=51 (full 0):
 garbage-first heap   total 235520K, used 134843K [0x0000000700000000, 0x0000000800000000)
  region size 2048K, 1 young (2048K), 1 survivors (2048K)
 Metaspace       used 92468K, committed 93440K, reserved 1179648K
  class space    used 13193K, committed 13632K, reserved 1048576K
}

