# JRE version: OpenJDK Runtime Environment Temurin-21.0.6+7 (21.0.6+7) (build 21.0.6+7-LTS)
# Java VM: OpenJDK 64-Bit Server VM Temurin-21.0.6+7 (21.0.6+7-LTS, mixed mode, sharing, tiered, compressed oops, compressed class ptrs, parallel gc, windows-amd64)
GC Precious Log:
 CardTable entry size: 512
 CPUs: 4 total, 4 available
 Memory: 14286M
 Large Page Support: Disabled
 NUMA Support: Disabled
 Compressed Oops: Enabled (32-bit)
 Alignments: Space 512K, Generation 512K, Heap 2M
 Heap Min Capacity: 100M
 Heap Initial Capacity: 100M
 Heap Max Capacity: 1G
 Pre-touch: Disabled
 Parallel Workers: 4
Heap:
 PSYoungGen      total 23040K, used 13301K [0x00000000eab00000, 0x00000000ec600000, 0x0000000100000000)
  eden space 22016K, 55% used [0x00000000eab00000,0x00000000eb6fd4f0,0x00000000ec080000)
  from space 1024K, 100% used [0x00000000ec500000,0x00000000ec600000,0x00000000ec600000)
  to   space 1536K, 0% used [0x00000000ec300000,0x00000000ec300000,0x00000000ec480000)
 ParOldGen       total 68608K, used 18652K [0x00000000c0000000, 0x00000000c4300000, 0x00000000eab00000)
  object space 68608K, 27% used [0x00000000c0000000,0x00000000c1237058,0x00000000c4300000)
 Metaspace       used 38892K, committed 40000K, reserved 1114112K
  class space    used 4061K, committed 4544K, reserved 1048576K
GC Heap History (20 events):
Event: 15.897 GC heap before
{Heap before GC invocations=7 (full 0):
 PSYoungGen      total 29696K, used 21626K [0x00000000eab00000, 0x00000000ece80000, 0x0000000100000000)
  eden space 24576K, 67% used [0x00000000eab00000,0x00000000ebb36a10,0x00000000ec300000)
  from space 5120K, 98% used [0x00000000ec980000,0x00000000ece68190,0x00000000ece80000)
  to   space 5632K, 0% used [0x00000000ec380000,0x00000000ec380000,0x00000000ec900000)
 ParOldGen       total 68608K, used 8352K [0x00000000c0000000, 0x00000000c4300000, 0x00000000eab00000)
  object space 68608K, 12% used [0x00000000c0000000,0x00000000c08281f8,0x00000000c4300000)
 Metaspace       used 20770K, committed 21504K, reserved 1114112K
  class space    used 2095K, committed 2368K, reserved 1048576K
}
Event: 15.905 GC heap after
{Heap after GC invocations=7 (full 0):
 PSYoungGen      total 29184K, used 4192K [0x00000000eab00000, 0x00000000ecc00000, 0x0000000100000000)
  eden space 24576K, 0% used [0x00000000eab00000,0x00000000eab00000,0x00000000ec300000)
  from space 4608K, 90% used [0x00000000ec380000,0x00000000ec798300,0x00000000ec800000)
  to   space 4096K, 0% used [0x00000000ec800000,0x00000000ec800000,0x00000000ecc00000)
 ParOldGen       total 68608K, used 9749K [0x00000000c0000000, 0x00000000c4300000, 0x00000000eab00000)
  object space 68608K, 14% used [0x00000000c0000000,0x00000000c0985670,0x00000000c4300000)
 Metaspace       used 20770K, committed 21504K, reserved 1114112K
  class space    used 2095K, committed 2368K, reserved 1048576K
}
Event: 15.905 GC heap before
{Heap before GC invocations=8 (full 1):
 PSYoungGen      total 29184K, used 4192K [0x00000000eab00000, 0x00000000ecc00000, 0x0000000100000000)
  eden space 24576K, 0% used [0x00000000eab00000,0x00000000eab00000,0x00000000ec300000)
  from space 4608K, 90% used [0x00000000ec380000,0x00000000ec798300,0x00000000ec800000)
  to   space 4096K, 0% used [0x00000000ec800000,0x00000000ec800000,0x00000000ecc00000)
 ParOldGen       total 68608K, used 9749K [0x00000000c0000000, 0x00000000c4300000, 0x00000000eab00000)
  object space 68608K, 14% used [0x00000000c0000000,0x00000000c0985670,0x00000000c4300000)
 Metaspace       used 20770K, committed 21504K, reserved 1114112K
  class space    used 2095K, committed 2368K, reserved 1048576K
}
Event: 15.964 GC heap after
{Heap after GC invocations=8 (full 1):
 PSYoungGen      total 29184K, used 0K [0x00000000eab00000, 0x00000000ecc00000, 0x0000000100000000)
  eden space 24576K, 0% used [0x00000000eab00000,0x00000000eab00000,0x00000000ec300000)
  from space 4608K, 0% used [0x00000000ec380000,0x00000000ec380000,0x00000000ec800000)
  to   space 4096K, 0% used [0x00000000ec800000,0x00000000ec800000,0x00000000ecc00000)
 ParOldGen       total 68608K, used 13115K [0x00000000c0000000, 0x00000000c4300000, 0x00000000eab00000)
  object space 68608K, 19% used [0x00000000c0000000,0x00000000c0ccec50,0x00000000c4300000)
 Metaspace       used 20758K, committed 21504K, reserved 1114112K
  class space    used 2092K, committed 2368K, reserved 1048576K
}
Event: 16.386 GC heap before
{Heap before GC invocations=9 (full 1):
 PSYoungGen      total 29184K, used 24576K [0x00000000eab00000, 0x00000000ecc00000, 0x0000000100000000)
  eden space 24576K, 100% used [0x00000000eab00000,0x00000000ec300000,0x00000000ec300000)
  from space 4608K, 0% used [0x00000000ec380000,0x00000000ec380000,0x00000000ec800000)
  to   space 4096K, 0% used [0x00000000ec800000,0x00000000ec800000,0x00000000ecc00000)
 ParOldGen       total 68608K, used 13115K [0x00000000c0000000, 0x00000000c4300000, 0x00000000eab00000)
  object space 68608K, 19% used [0x00000000c0000000,0x00000000c0ccec50,0x00000000c4300000)
 Metaspace       used 23469K, committed 24320K, reserved 1114112K
  class space    used 2261K, committed 2560K, reserved 1048576K
}
Event: 16.387 GC heap after
{Heap after GC invocations=9 (full 1):
 PSYoungGen      total 24576K, used 192K [0x00000000eab00000, 0x00000000ec880000, 0x0000000100000000)
  eden space 24064K, 0% used [0x00000000eab00000,0x00000000eab00000,0x00000000ec280000)
  from space 512K, 37% used [0x00000000ec800000,0x00000000ec830000,0x00000000ec880000)
  to   space 2048K, 0% used [0x00000000ec480000,0x00000000ec480000,0x00000000ec680000)
 ParOldGen       total 68608K, used 13115K [0x00000000c0000000, 0x00000000c4300000, 0x00000000eab00000)
  object space 68608K, 19% used [0x00000000c0000000,0x00000000c0ccec50,0x00000000c4300000)
 Metaspace       used 23469K, committed 24320K, reserved 1114112K
  class space    used 2261K, committed 2560K, reserved 1048576K
}
Event: 16.920 GC heap before
{Heap before GC invocations=10 (full 1):
 PSYoungGen      total 24576K, used 24254K [0x00000000eab00000, 0x00000000ec880000, 0x0000000100000000)
  eden space 24064K, 99% used [0x00000000eab00000,0x00000000ec27fa20,0x00000000ec280000)
  from space 512K, 37% used [0x00000000ec800000,0x00000000ec830000,0x00000000ec880000)
  to   space 2048K, 0% used [0x00000000ec480000,0x00000000ec480000,0x00000000ec680000)
 ParOldGen       total 68608K, used 13115K [0x00000000c0000000, 0x00000000c4300000, 0x00000000eab00000)
  object space 68608K, 19% used [0x00000000c0000000,0x00000000c0ccec50,0x00000000c4300000)
 Metaspace       used 26628K, committed 27456K, reserved 1114112K
  class space    used 2519K, committed 2816K, reserved 1048576K
}
Event: 16.923 GC heap after
{Heap after GC invocations=10 (full 1):
 PSYoungGen      total 25600K, used 2024K [0x00000000eab00000, 0x00000000ec880000, 0x0000000100000000)
  eden space 23552K, 0% used [0x00000000eab00000,0x00000000eab00000,0x00000000ec200000)
  from space 2048K, 98% used [0x00000000ec480000,0x00000000ec67a2b0,0x00000000ec680000)
  to   space 2048K, 0% used [0x00000000ec680000,0x00000000ec680000,0x00000000ec880000)
 ParOldGen       total 68608K, used 13270K [0x00000000c0000000, 0x00000000c4300000, 0x00000000eab00000)
  object space 68608K, 19% used [0x00000000c0000000,0x00000000c0cf5918,0x00000000c4300000)
 Metaspace       used 26628K, committed 27456K, reserved 1114112K
  class space    used 2519K, committed 2816K, reserved 1048576K
}
Event: 17.345 GC heap before
{Heap before GC invocations=11 (full 1):
 PSYoungGen      total 25600K, used 25576K [0x00000000eab00000, 0x00000000ec880000, 0x0000000100000000)
  eden space 23552K, 100% used [0x00000000eab00000,0x00000000ec200000,0x00000000ec200000)
  from space 2048K, 98% used [0x00000000ec480000,0x00000000ec67a2b0,0x00000000ec680000)
  to   space 2048K, 0% used [0x00000000ec680000,0x00000000ec680000,0x00000000ec880000)
 ParOldGen       total 68608K, used 13270K [0x00000000c0000000, 0x00000000c4300000, 0x00000000eab00000)
  object space 68608K, 19% used [0x00000000c0000000,0x00000000c0cf5918,0x00000000c4300000)
 Metaspace       used 28260K, committed 29184K, reserved 1114112K
  class space    used 2702K, committed 3072K, reserved 1048576K
}
Event: 17.349 GC heap after
{Heap after GC invocations=11 (full 1):
 PSYoungGen      total 24576K, used 1517K [0x00000000eab00000, 0x00000000ec800000, 0x0000000100000000)
  eden space 23040K, 0% used [0x00000000eab00000,0x00000000eab00000,0x00000000ec180000)
  from space 1536K, 98% used [0x00000000ec680000,0x00000000ec7fb470,0x00000000ec800000)
  to   space 2048K, 0% used [0x00000000ec400000,0x00000000ec400000,0x00000000ec600000)
 ParOldGen       total 68608K, used 14135K [0x00000000c0000000, 0x00000000c4300000, 0x00000000eab00000)
  object space 68608K, 20% used [0x00000000c0000000,0x00000000c0dcdf00,0x00000000c4300000)
 Metaspace       used 28260K, committed 29184K, reserved 1114112K
  class space    used 2702K, committed 3072K, reserved 1048576K
}
Event: 18.327 GC heap before
{Heap before GC invocations=12 (full 1):
 PSYoungGen      total 24576K, used 24557K [0x00000000eab00000, 0x00000000ec800000, 0x0000000100000000)
  eden space 23040K, 100% used [0x00000000eab00000,0x00000000ec180000,0x00000000ec180000)
  from space 1536K, 98% used [0x00000000ec680000,0x00000000ec7fb470,0x00000000ec800000)
  to   space 2048K, 0% used [0x00000000ec400000,0x00000000ec400000,0x00000000ec600000)
 ParOldGen       total 68608K, used 14135K [0x00000000c0000000, 0x00000000c4300000, 0x00000000eab00000)
  object space 68608K, 20% used [0x00000000c0000000,0x00000000c0dcdf00,0x00000000c4300000)
 Metaspace       used 30526K, committed 31424K, reserved 1114112K
  class space    used 2991K, committed 3328K, reserved 1048576K
}
Event: 18.331 GC heap after
{Heap after GC invocations=12 (full 1):
 PSYoungGen      total 24064K, used 1340K [0x00000000eab00000, 0x00000000ec700000, 0x0000000100000000)
  eden space 22528K, 0% used [0x00000000eab00000,0x00000000eab00000,0x00000000ec100000)
  from space 1536K, 87% used [0x00000000ec400000,0x00000000ec54f0b0,0x00000000ec580000)
  to   space 1536K, 0% used [0x00000000ec580000,0x00000000ec580000,0x00000000ec700000)
 ParOldGen       total 68608K, used 15423K [0x00000000c0000000, 0x00000000c4300000, 0x00000000eab00000)
  object space 68608K, 22% used [0x00000000c0000000,0x00000000c0f0fc40,0x00000000c4300000)
 Metaspace       used 30526K, committed 31424K, reserved 1114112K
  class space    used 2991K, committed 3328K, reserved 1048576K
}
Event: 18.918 GC heap before
{Heap before GC invocations=13 (full 1):
 PSYoungGen      total 24064K, used 23868K [0x00000000eab00000, 0x00000000ec700000, 0x0000000100000000)
  eden space 22528K, 100% used [0x00000000eab00000,0x00000000ec100000,0x00000000ec100000)
  from space 1536K, 87% used [0x00000000ec400000,0x00000000ec54f0b0,0x00000000ec580000)
  to   space 1536K, 0% used [0x00000000ec580000,0x00000000ec580000,0x00000000ec700000)
 ParOldGen       total 68608K, used 15423K [0x00000000c0000000, 0x00000000c4300000, 0x00000000eab00000)
  object space 68608K, 22% used [0x00000000c0000000,0x00000000c0f0fc40,0x00000000c4300000)
 Metaspace       used 33156K, committed 34176K, reserved 1114112K
  class space    used 3315K, committed 3776K, reserved 1048576K
}
Event: 18.924 GC heap after
{Heap after GC invocations=13 (full 1):
 PSYoungGen      total 23040K, used 909K [0x00000000eab00000, 0x00000000ec680000, 0x0000000100000000)
  eden space 22016K, 0% used [0x00000000eab00000,0x00000000eab00000,0x00000000ec080000)
  from space 1024K, 88% used [0x00000000ec580000,0x00000000ec663500,0x00000000ec680000)
  to   space 1536K, 0% used [0x00000000ec380000,0x00000000ec380000,0x00000000ec500000)
 ParOldGen       total 68608K, used 16533K [0x00000000c0000000, 0x00000000c4300000, 0x00000000eab00000)
  object space 68608K, 24% used [0x00000000c0000000,0x00000000c1025680,0x00000000c4300000)
 Metaspace       used 33156K, committed 34176K, reserved 1114112K
  class space    used 3315K, committed 3776K, reserved 1048576K
}
Event: 19.153 GC heap before
{Heap before GC invocations=14 (full 1):
 PSYoungGen      total 23040K, used 16007K [0x00000000eab00000, 0x00000000ec680000, 0x0000000100000000)
  eden space 22016K, 68% used [0x00000000eab00000,0x00000000eb9be740,0x00000000ec080000)
  from space 1024K, 88% used [0x00000000ec580000,0x00000000ec663500,0x00000000ec680000)
  to   space 1536K, 0% used [0x00000000ec380000,0x00000000ec380000,0x00000000ec500000)
 ParOldGen       total 68608K, used 16533K [0x00000000c0000000, 0x00000000c4300000, 0x00000000eab00000)
  object space 68608K, 24% used [0x00000000c0000000,0x00000000c1025680,0x00000000c4300000)
 Metaspace       used 34860K, committed 35840K, reserved 1114112K
  class space    used 3509K, committed 3968K, reserved 1048576K
}
Event: 19.156 GC heap after
{Heap after GC invocations=14 (full 1):
 PSYoungGen      total 23552K, used 1395K [0x00000000eab00000, 0x00000000ec600000, 0x0000000100000000)
  eden space 22016K, 0% used [0x00000000eab00000,0x00000000eab00000,0x00000000ec080000)
  from space 1536K, 90% used [0x00000000ec380000,0x00000000ec4dcd30,0x00000000ec500000)
  to   space 1024K, 0% used [0x00000000ec500000,0x00000000ec500000,0x00000000ec600000)
 ParOldGen       total 68608K, used 17298K [0x00000000c0000000, 0x00000000c4300000, 0x00000000eab00000)
  object space 68608K, 25% used [0x00000000c0000000,0x00000000c10e4808,0x00000000c4300000)
 Metaspace       used 34860K, committed 35840K, reserved 1114112K
  class space    used 3509K, committed 3968K, reserved 1048576K
}
Event: 19.156 GC heap before
{Heap before GC invocations=15 (full 2):
 PSYoungGen      total 23552K, used 1395K [0x00000000eab00000, 0x00000000ec600000, 0x0000000100000000)
  eden space 22016K, 0% used [0x00000000eab00000,0x00000000eab00000,0x00000000ec080000)
  from space 1536K, 90% used [0x00000000ec380000,0x00000000ec4dcd30,0x00000000ec500000)
  to   space 1024K, 0% used [0x00000000ec500000,0x00000000ec500000,0x00000000ec600000)
 ParOldGen       total 68608K, used 17298K [0x00000000c0000000, 0x00000000c4300000, 0x00000000eab00000)
  object space 68608K, 25% used [0x00000000c0000000,0x00000000c10e4808,0x00000000c4300000)
 Metaspace       used 34860K, committed 35840K, reserved 1114112K
  class space    used 3509K, committed 3968K, reserved 1048576K
}
Event: 19.212 GC heap after
{Heap after GC invocations=15 (full 2):
 PSYoungGen      total 23552K, used 0K [0x00000000eab00000, 0x00000000ec600000, 0x0000000100000000)
  eden space 22016K, 0% used [0x00000000eab00000,0x00000000eab00000,0x00000000ec080000)
  from space 1536K, 0% used [0x00000000ec380000,0x00000000ec380000,0x00000000ec500000)
  to   space 1024K, 0% used [0x00000000ec500000,0x00000000ec500000,0x00000000ec600000)
 ParOldGen       total 68608K, used 18210K [0x00000000c0000000, 0x00000000c4300000, 0x00000000eab00000)
  object space 68608K, 26% used [0x00000000c0000000,0x00000000c11c88d8,0x00000000c4300000)
 Metaspace       used 34860K, committed 35840K, reserved 1114112K
  class space    used 3509K, committed 3968K, reserved 1048576K
}
Event: 19.628 GC heap before
{Heap before GC invocations=16 (full 2):
 PSYoungGen      total 23552K, used 22016K [0x00000000eab00000, 0x00000000ec600000, 0x0000000100000000)
  eden space 22016K, 100% used [0x00000000eab00000,0x00000000ec080000,0x00000000ec080000)
  from space 1536K, 0% used [0x00000000ec380000,0x00000000ec380000,0x00000000ec500000)
  to   space 1024K, 0% used [0x00000000ec500000,0x00000000ec500000,0x00000000ec600000)
 ParOldGen       total 68608K, used 18210K [0x00000000c0000000, 0x00000000c4300000, 0x00000000eab00000)
  object space 68608K, 26% used [0x00000000c0000000,0x00000000c11c88d8,0x00000000c4300000)
 Metaspace       used 37622K, committed 38784K, reserved 1114112K
  class space    used 3875K, committed 4352K, reserved 1048576K
}
Event: 19.632 GC heap after
{Heap after GC invocations=16 (full 2):
 PSYoungGen      total 23040K, used 1024K [0x00000000eab00000, 0x00000000ec600000, 0x0000000100000000)
  eden space 22016K, 0% used [0x00000000eab00000,0x00000000eab00000,0x00000000ec080000)
  from space 1024K, 100% used [0x00000000ec500000,0x00000000ec600000,0x00000000ec600000)
  to   space 1536K, 0% used [0x00000000ec300000,0x00000000ec300000,0x00000000ec480000)
 ParOldGen       total 68608K, used 18652K [0x00000000c0000000, 0x00000000c4300000, 0x00000000eab00000)
  object space 68608K, 27% used [0x00000000c0000000,0x00000000c1237058,0x00000000c4300000)
 Metaspace       used 37622K, committed 38784K, reserved 1114112K
  class space    used 3875K, committed 4352K, reserved 1048576K
}

